2019-01-15 18:09:15.833549: I tensorflow/core/platform/cpu_feature_guard.cc:137] Your CPU supports instructions that this TensorFlow binary was not compiled to use: SSE4.1 SSE4.2 AVX AVX2 AVX512F FMA
2019-01-15 18:09:16.028958: I tensorflow/core/common_runtime/gpu/gpu_device.cc:1105] Found device 0 with properties: 
name: Tesla P100-PCIE-16GB major: 6 minor: 0 memoryClockRate(GHz): 1.3285
pciBusID: 0000:3b:00.0
totalMemory: 15.90GiB freeMemory: 15.61GiB
2019-01-15 18:09:16.187840: I tensorflow/core/common_runtime/gpu/gpu_device.cc:1105] Found device 1 with properties: 
name: Tesla P100-PCIE-16GB major: 6 minor: 0 memoryClockRate(GHz): 1.3285
pciBusID: 0000:d8:00.0
totalMemory: 15.90GiB freeMemory: 15.61GiB
2019-01-15 18:09:16.188722: I tensorflow/core/common_runtime/gpu/gpu_device.cc:1120] Device peer to peer matrix
2019-01-15 18:09:16.188752: I tensorflow/core/common_runtime/gpu/gpu_device.cc:1126] DMA: 0 1 
2019-01-15 18:09:16.188758: I tensorflow/core/common_runtime/gpu/gpu_device.cc:1136] 0:   Y Y 
2019-01-15 18:09:16.188762: I tensorflow/core/common_runtime/gpu/gpu_device.cc:1136] 1:   Y Y 
2019-01-15 18:09:16.188775: I tensorflow/core/common_runtime/gpu/gpu_device.cc:1195] Creating TensorFlow device (/device:GPU:0) -> (device: 0, name: Tesla P100-PCIE-16GB, pci bus id: 0000:3b:00.0, compute capability: 6.0)
2019-01-15 18:09:16.188781: I tensorflow/core/common_runtime/gpu/gpu_device.cc:1195] Creating TensorFlow device (/device:GPU:1) -> (device: 1, name: Tesla P100-PCIE-16GB, pci bus id: 0000:d8:00.0, compute capability: 6.0)
IIIDEINFIEBFUEBFUE***************************
Iter :  0 Batch :  1   Loss :  0.6836757  Accuracy :  20.64  Class Accuracy :  0
Iter :  0 Batch :  2   Loss :  0.67363006  Accuracy :  30.73  Class Accuracy :  0
Iter :  0 Batch :  3   Loss :  0.67576814  Accuracy :  43.5  Class Accuracy :  0
Iter :  0 Batch :  4   Loss :  0.70158845  Accuracy :  49.14  Class Accuracy :  0
Iter :  0 Batch :  5   Loss :  0.68614465  Accuracy :  58.550000000000004  Class Accuracy :  0
Iter :  0 Batch :  6   Loss :  0.6656901  Accuracy :  54.72  Class Accuracy :  0
Iter :  0 Batch :  7   Loss :  0.6778001  Accuracy :  74.5  Class Accuracy :  0
Iter :  0 Batch :  8   Loss :  0.659874  Accuracy :  68.35  Class Accuracy :  0
Iter :  0 Batch :  9   Loss :  0.6575054  Accuracy :  78.66  Class Accuracy :  0
Iter :  0 Batch :  10   Loss :  0.6526677  Accuracy :  71.43  Class Accuracy :  0
Iter :  0 Batch :  11   Loss :  0.6537874  Accuracy :  86.52  Class Accuracy :  0
Iter :  0 Batch :  12   Loss :  0.6575358  Accuracy :  64.12  Class Accuracy :  0
Iter :  0 Batch :  13   Loss :  0.64976555  Accuracy :  79.93  Class Accuracy :  0
Iter :  0 Batch :  14   Loss :  0.6738519  Accuracy :  76.78  Class Accuracy :  0
Iter :  0 Batch :  15   Loss :  0.6542586  Accuracy :  78.03  Class Accuracy :  0
Iter :  0 Batch :  16   Loss :  0.6708817  Accuracy :  76.3  Class Accuracy :  0
Iter :  0 Batch :  17   Loss :  0.6444753  Accuracy :  79.44  Class Accuracy :  0
Iter :  0 Batch :  18   Loss :  0.64317125  Accuracy :  76.97  Class Accuracy :  0
Iter :  0 Batch :  19   Loss :  0.65524775  Accuracy :  82.71  Class Accuracy :  0
Iter :  0 Batch :  20   Loss :  0.6570128  Accuracy :  82.62  Class Accuracy :  0
Iter :  0 Batch :  21   Loss :  0.6404092  Accuracy :  88.53  Class Accuracy :  0
Iter :  0 Batch :  22   Loss :  0.7406023  Accuracy :  57.99999999999999  Class Accuracy :  0
Iter :  0 Batch :  23   Loss :  0.6484012  Accuracy :  84.89  Class Accuracy :  0
Iter :  0 Batch :  24   Loss :  0.67854667  Accuracy :  79.75999999999999  Class Accuracy :  0
Iter :  0 Batch :  25   Loss :  0.6715157  Accuracy :  80.28999999999999  Class Accuracy :  0
Iter :  0 Batch :  26   Loss :  0.632844  Accuracy :  90.46  Class Accuracy :  0
Iter :  0 Batch :  27   Loss :  0.63076705  Accuracy :  92.25999999999999  Class Accuracy :  0
Iter :  0 Batch :  28   Loss :  0.63337374  Accuracy :  92.75999999999999  Class Accuracy :  0
Iter :  0 Batch :  29   Loss :  0.6791881  Accuracy :  78.94  Class Accuracy :  0
Iter :  0 Batch :  30   Loss :  0.6339245  Accuracy :  88.11  Class Accuracy :  0
Iter :  0 Batch :  31   Loss :  0.6286669  Accuracy :  93.12  Class Accuracy :  0
Iter :  0 Batch :  32   Loss :  0.64511126  Accuracy :  90.47  Class Accuracy :  0
Iter :  0 Batch :  33   Loss :  0.6529332  Accuracy :  87.7  Class Accuracy :  0
Iter :  0 Batch :  34   Loss :  0.6339645  Accuracy :  94.1  Class Accuracy :  0
Iter :  0 Batch :  35   Loss :  0.6264165  Accuracy :  94.21000000000001  Class Accuracy :  0
Iter :  0 Batch :  36   Loss :  0.64960986  Accuracy :  88.5  Class Accuracy :  0
Iter :  0 Batch :  37   Loss :  0.62502646  Accuracy :  94.5  Class Accuracy :  0
Iter :  0 Batch :  38   Loss :  0.626954  Accuracy :  95.44  Class Accuracy :  0
Iter :  0 Batch :  39   Loss :  0.635203  Accuracy :  87.74  Class Accuracy :  0
Iter :  0 Batch :  40   Loss :  0.62676793  Accuracy :  96.33  Class Accuracy :  0
Iter :  0 Batch :  41   Loss :  0.6228288  Accuracy :  95.17999999999999  Class Accuracy :  0
Iter :  0 Batch :  42   Loss :  0.6249823  Accuracy :  95.48  Class Accuracy :  0
Iter :  0 Batch :  43   Loss :  0.62137085  Accuracy :  97.44  Class Accuracy :  0
Iter :  0 Batch :  44   Loss :  0.6219267  Accuracy :  97.58  Class Accuracy :  0
Iter :  0 Batch :  45   Loss :  0.6281368  Accuracy :  96.25  Class Accuracy :  0
Iter :  0 Batch :  46   Loss :  0.6343011  Accuracy :  93.69  Class Accuracy :  0
Iter :  0 Batch :  47   Loss :  0.62383175  Accuracy :  96.11  Class Accuracy :  0
Iter :  0 Batch :  48   Loss :  0.6201117  Accuracy :  98.58  Class Accuracy :  0
Iter :  0 Batch :  49   Loss :  0.62029845  Accuracy :  97.31  Class Accuracy :  0
Model saved in path: /home/srgujar/Pointwise-segmentation/saved_model/local/pointer_2_0_50.ckpt
Iter :  0 Batch :  50   Loss :  0.6197503  Accuracy :  98.85000000000001  Class Accuracy :  0
Iter :  0 Batch :  51   Loss :  0.6205351  Accuracy :  97.83  Class Accuracy :  0
Iter :  0 Batch :  52   Loss :  0.6216527  Accuracy :  98.49  Class Accuracy :  0
Iter :  0 Batch :  53   Loss :  0.65268195  Accuracy :  88.5  Class Accuracy :  0
Iter :  0 Batch :  54   Loss :  0.6178768  Accuracy :  99.65  Class Accuracy :  0
Iter :  0 Batch :  55   Loss :  0.6321497  Accuracy :  94.51  Class Accuracy :  0
Iter :  0 Batch :  56   Loss :  0.61761457  Accuracy :  99.51  Class Accuracy :  0
Iter :  0 Batch :  57   Loss :  0.6176014  Accuracy :  99.76  Class Accuracy :  0
Iter :  0 Batch :  58   Loss :  0.6179542  Accuracy :  99.38  Class Accuracy :  0
Iter :  0 Batch :  59   Loss :  0.6419855  Accuracy :  91.93  Class Accuracy :  0
Iter :  0 Batch :  60   Loss :  0.6306006  Accuracy :  95.07  Class Accuracy :  0
Iter :  0 Batch :  61   Loss :  0.64756095  Accuracy :  90.0  Class Accuracy :  0
Iter :  0 Batch :  62   Loss :  0.6171375  Accuracy :  99.48  Class Accuracy :  0
Iter :  0 Batch :  63   Loss :  0.6182988  Accuracy :  99.03999999999999  Class Accuracy :  0
Iter :  0 Batch :  64   Loss :  0.6178374  Accuracy :  98.76  Class Accuracy :  0
Iter :  0 Batch :  65   Loss :  0.62177414  Accuracy :  97.89999999999999  Class Accuracy :  0
Iter :  0 Batch :  66   Loss :  0.61630505  Accuracy :  99.98  Class Accuracy :  0
Iter :  0 Batch :  67   Loss :  0.6693707  Accuracy :  83.49  Class Accuracy :  0
Iter :  0 Batch :  68   Loss :  0.6541295  Accuracy :  88.23  Class Accuracy :  0
Iter :  0 Batch :  69   Loss :  0.73791605  Accuracy :  52.400000000000006  Class Accuracy :  0
Iter :  0 Batch :  70   Loss :  0.64944005  Accuracy :  89.14  Class Accuracy :  0
Iter :  0 Batch :  71   Loss :  0.6205339  Accuracy :  98.46000000000001  Class Accuracy :  0
Iter :  0 Batch :  72   Loss :  0.62896895  Accuracy :  95.83  Class Accuracy :  0
Iter :  0 Batch :  73   Loss :  0.63278306  Accuracy :  94.6  Class Accuracy :  0
Iter :  0 Batch :  74   Loss :  0.6160338  Accuracy :  99.86  Class Accuracy :  0
Iter :  0 Batch :  75   Loss :  0.6261484  Accuracy :  96.41999999999999  Class Accuracy :  0
Iter :  0 Batch :  76   Loss :  0.634292  Accuracy :  94.35  Class Accuracy :  0
Iter :  0 Batch :  77   Loss :  0.6167523  Accuracy :  99.24  Class Accuracy :  0
Iter :  0 Batch :  78   Loss :  0.61856395  Accuracy :  98.78  Class Accuracy :  0
Iter :  0 Batch :  79   Loss :  0.6170059  Accuracy :  99.46000000000001  Class Accuracy :  0
Iter :  0 Batch :  80   Loss :  0.6283298  Accuracy :  95.88  Class Accuracy :  0
Iter :  0 Batch :  81   Loss :  0.61631143  Accuracy :  99.75  Class Accuracy :  0
Iter :  0 Batch :  82   Loss :  0.65343225  Accuracy :  88.08  Class Accuracy :  0
Iter :  0 Batch :  83   Loss :  0.62121433  Accuracy :  98.06  Class Accuracy :  0
Iter :  0 Batch :  84   Loss :  0.6198443  Accuracy :  98.66  Class Accuracy :  0
Iter :  0 Batch :  85   Loss :  0.6304425  Accuracy :  90.4  Class Accuracy :  0
Iter :  0 Batch :  86   Loss :  0.7360461  Accuracy :  63.0  Class Accuracy :  0
Iter :  0 Batch :  87   Loss :  0.615561  Accuracy :  99.87  Class Accuracy :  0
Iter :  0 Batch :  88   Loss :  0.62902987  Accuracy :  95.58  Class Accuracy :  0
Iter :  0 Batch :  89   Loss :  0.61679673  Accuracy :  99.59  Class Accuracy :  0
Iter :  0 Batch :  90   Loss :  0.62260383  Accuracy :  96.89  Class Accuracy :  0
Iter :  0 Batch :  91   Loss :  0.61733484  Accuracy :  98.65  Class Accuracy :  0
Iter :  0 Batch :  92   Loss :  0.6182601  Accuracy :  98.9  Class Accuracy :  0
Iter :  0 Batch :  93   Loss :  0.6168843  Accuracy :  98.94  Class Accuracy :  0
Iter :  0 Batch :  94   Loss :  0.700363  Accuracy :  73.71  Class Accuracy :  0
Iter :  0 Batch :  95   Loss :  0.6343124  Accuracy :  93.92  Class Accuracy :  0
Iter :  0 Batch :  96   Loss :  0.6253302  Accuracy :  96.47  Class Accuracy :  0
Iter :  0 Batch :  97   Loss :  0.6311372  Accuracy :  95.02000000000001  Class Accuracy :  0
Iter :  0 Batch :  98   Loss :  0.68665624  Accuracy :  77.78  Class Accuracy :  0
Iter :  0 Batch :  99   Loss :  0.6170543  Accuracy :  98.77  Class Accuracy :  0
Model saved in path: /home/srgujar/Pointwise-segmentation/saved_model/local/pointer_2_0_100.ckpt
Iter :  0 Batch :  100   Loss :  0.6229163  Accuracy :  97.42  Class Accuracy :  0
Iter :  0 Batch :  101   Loss :  0.6159287  Accuracy :  99.6  Class Accuracy :  0
Iter :  0 Batch :  102   Loss :  0.6262081  Accuracy :  93.07  Class Accuracy :  0
Iter :  0 Batch :  103   Loss :  0.6250704  Accuracy :  94.21000000000001  Class Accuracy :  0
Iter :  0 Batch :  104   Loss :  0.62262535  Accuracy :  97.8  Class Accuracy :  0
Iter :  0 Batch :  105   Loss :  0.6163356  Accuracy :  99.72  Class Accuracy :  0
Iter :  0 Batch :  106   Loss :  0.66325694  Accuracy :  82.65  Class Accuracy :  0
Iter :  0 Batch :  107   Loss :  0.6174693  Accuracy :  99.18  Class Accuracy :  0
Iter :  0 Batch :  108   Loss :  0.6175239  Accuracy :  98.81  Class Accuracy :  0
Iter :  0 Batch :  109   Loss :  0.6276382  Accuracy :  96.1  Class Accuracy :  0
Iter :  0 Batch :  110   Loss :  0.6621776  Accuracy :  84.93  Class Accuracy :  0
Iter :  0 Batch :  111   Loss :  0.6175825  Accuracy :  99.25  Class Accuracy :  0
Iter :  0 Batch :  112   Loss :  0.62678087  Accuracy :  96.34  Class Accuracy :  0
Iter :  0 Batch :  113   Loss :  0.61890066  Accuracy :  98.61  Class Accuracy :  0
Iter :  0 Batch :  114   Loss :  0.6159769  Accuracy :  99.2  Class Accuracy :  0
Iter :  0 Batch :  115   Loss :  0.6403675  Accuracy :  92.04  Class Accuracy :  0
Iter :  0 Batch :  116   Loss :  0.63191897  Accuracy :  94.74000000000001  Class Accuracy :  0
Iter :  0 Batch :  117   Loss :  0.6428294  Accuracy :  91.21000000000001  Class Accuracy :  0
Iter :  0 Batch :  118   Loss :  0.6157548  Accuracy :  99.42999999999999  Class Accuracy :  0
Iter :  0 Batch :  119   Loss :  0.62690663  Accuracy :  96.05  Class Accuracy :  0
Iter :  0 Batch :  120   Loss :  0.66179895  Accuracy :  85.35000000000001  Class Accuracy :  0
Iter :  0 Batch :  121   Loss :  0.6175265  Accuracy :  98.06  Class Accuracy :  0
Iter :  0 Batch :  122   Loss :  0.6184151  Accuracy :  97.17  Class Accuracy :  0
Iter :  0 Batch :  123   Loss :  0.62717587  Accuracy :  95.58  Class Accuracy :  0
Iter :  0 Batch :  124   Loss :  0.63189816  Accuracy :  94.19999999999999  Class Accuracy :  0
Iter :  0 Batch :  125   Loss :  0.6616496  Accuracy :  85.28  Class Accuracy :  0
Iter :  0 Batch :  126   Loss :  0.61736435  Accuracy :  99.37  Class Accuracy :  0
Iter :  0 Batch :  127   Loss :  0.621217  Accuracy :  98.08  Class Accuracy :  0
Iter :  0 Batch :  128   Loss :  0.6319882  Accuracy :  94.28999999999999  Class Accuracy :  0
Iter :  0 Batch :  129   Loss :  0.62465173  Accuracy :  97.09  Class Accuracy :  0
Iter :  0 Batch :  130   Loss :  0.63958544  Accuracy :  92.07  Class Accuracy :  0
Iter :  0 Batch :  131   Loss :  0.66481394  Accuracy :  84.59  Class Accuracy :  0
Iter :  0 Batch :  132   Loss :  0.624913  Accuracy :  96.69  Class Accuracy :  0
Iter :  0 Batch :  133   Loss :  0.6292589  Accuracy :  95.30999999999999  Class Accuracy :  0
Iter :  0 Batch :  134   Loss :  0.6325204  Accuracy :  94.58  Class Accuracy :  0
Iter :  0 Batch :  135   Loss :  0.6151648  Accuracy :  99.72999999999999  Class Accuracy :  0
Iter :  0 Batch :  136   Loss :  0.6207449  Accuracy :  96.76  Class Accuracy :  0
Iter :  0 Batch :  137   Loss :  0.63405657  Accuracy :  94.07  Class Accuracy :  0
Iter :  0 Batch :  138   Loss :  0.66343135  Accuracy :  83.48  Class Accuracy :  0
Iter :  0 Batch :  139   Loss :  0.68296766  Accuracy :  79.2  Class Accuracy :  0
Iter :  0 Batch :  140   Loss :  0.6830489  Accuracy :  78.78  Class Accuracy :  0
Iter :  0 Batch :  141   Loss :  0.6205267  Accuracy :  95.58  Class Accuracy :  0
Iter :  0 Batch :  142   Loss :  0.6374726  Accuracy :  93.84  Class Accuracy :  0
Iter :  0 Batch :  143   Loss :  0.6200044  Accuracy :  97.64  Class Accuracy :  0
Iter :  0 Batch :  144   Loss :  0.66921514  Accuracy :  82.84  Class Accuracy :  0
Iter :  0 Batch :  145   Loss :  0.6167852  Accuracy :  98.3  Class Accuracy :  0
Iter :  0 Batch :  146   Loss :  0.62241733  Accuracy :  97.37  Class Accuracy :  0
Iter :  0 Batch :  147   Loss :  0.61819524  Accuracy :  98.35000000000001  Class Accuracy :  0
Iter :  0 Batch :  148   Loss :  0.70367193  Accuracy :  72.44  Class Accuracy :  0
Iter :  0 Batch :  149   Loss :  0.6528192  Accuracy :  89.24  Class Accuracy :  0
Model saved in path: /home/srgujar/Pointwise-segmentation/saved_model/local/pointer_2_0_150.ckpt
Iter :  0 Batch :  150   Loss :  0.6213416  Accuracy :  97.7  Class Accuracy :  0
Iter :  0 Batch :  151   Loss :  0.6263488  Accuracy :  94.84  Class Accuracy :  0
Iter :  0 Batch :  152   Loss :  0.6196752  Accuracy :  94.54  Class Accuracy :  0
Iter :  0 Batch :  153   Loss :  0.6184753  Accuracy :  98.14  Class Accuracy :  0
Iter :  0 Batch :  154   Loss :  0.6253423  Accuracy :  94.24  Class Accuracy :  0
Iter :  0 Batch :  155   Loss :  0.6273283  Accuracy :  94.08999999999999  Class Accuracy :  0
Iter :  0 Batch :  156   Loss :  0.62377757  Accuracy :  90.75  Class Accuracy :  0
Iter :  0 Batch :  157   Loss :  0.6204992  Accuracy :  93.4  Class Accuracy :  0
Iter :  0 Batch :  158   Loss :  0.618394  Accuracy :  97.61999999999999  Class Accuracy :  0
Iter :  0 Batch :  159   Loss :  0.6156601  Accuracy :  99.29  Class Accuracy :  0
Iter :  0 Batch :  160   Loss :  0.6221355  Accuracy :  95.92  Class Accuracy :  0
Iter :  0 Batch :  161   Loss :  0.61856717  Accuracy :  96.54  Class Accuracy :  0
Iter :  0 Batch :  162   Loss :  0.637906  Accuracy :  91.57  Class Accuracy :  0
Iter :  0 Batch :  163   Loss :  0.6284776  Accuracy :  94.65  Class Accuracy :  0
Iter :  0 Batch :  164   Loss :  0.62610525  Accuracy :  95.62  Class Accuracy :  0
Iter :  0 Batch :  165   Loss :  0.63512886  Accuracy :  94.31  Class Accuracy :  0
Iter :  0 Batch :  166   Loss :  0.6283785  Accuracy :  95.87  Class Accuracy :  0
Iter :  0 Batch :  167   Loss :  0.6158346  Accuracy :  99.41  Class Accuracy :  0
Iter :  0 Batch :  168   Loss :  0.6376314  Accuracy :  93.17999999999999  Class Accuracy :  0
Iter :  0 Batch :  169   Loss :  0.6150558  Accuracy :  99.92999999999999  Class Accuracy :  0
Iter :  0 Batch :  170   Loss :  0.6290644  Accuracy :  94.97  Class Accuracy :  0
Iter :  0 Batch :  171   Loss :  0.6250473  Accuracy :  96.39999999999999  Class Accuracy :  0
Iter :  0 Batch :  172   Loss :  0.6164468  Accuracy :  98.74000000000001  Class Accuracy :  0
Iter :  0 Batch :  173   Loss :  0.65584224  Accuracy :  88.21  Class Accuracy :  0
Iter :  0 Batch :  174   Loss :  0.6448801  Accuracy :  90.95  Class Accuracy :  0
Iter :  0 Batch :  175   Loss :  0.616111  Accuracy :  98.89  Class Accuracy :  0
Iter :  0 Batch :  176   Loss :  0.61932606  Accuracy :  97.63  Class Accuracy :  0
Iter :  0 Batch :  177   Loss :  0.61604065  Accuracy :  98.86  Class Accuracy :  0
Iter :  0 Batch :  178   Loss :  0.6576619  Accuracy :  87.02  Class Accuracy :  0
Iter :  0 Batch :  179   Loss :  0.6164539  Accuracy :  98.83  Class Accuracy :  0
Iter :  0 Batch :  180   Loss :  0.61939573  Accuracy :  98.58  Class Accuracy :  0
Iter :  0 Batch :  181   Loss :  0.6158253  Accuracy :  98.92999999999999  Class Accuracy :  0
Iter :  0 Batch :  182   Loss :  0.63522583  Accuracy :  93.17999999999999  Class Accuracy :  0
Iter :  0 Batch :  183   Loss :  0.6179449  Accuracy :  98.76  Class Accuracy :  0
Iter :  0 Batch :  184   Loss :  0.6183584  Accuracy :  98.63  Class Accuracy :  0
Iter :  0 Batch :  185   Loss :  0.62522644  Accuracy :  96.28999999999999  Class Accuracy :  0
Iter :  0 Batch :  186   Loss :  0.6233876  Accuracy :  97.24000000000001  Class Accuracy :  0
Iter :  0 Batch :  187   Loss :  0.6192682  Accuracy :  98.6  Class Accuracy :  0
Iter :  0 Batch :  188   Loss :  0.6277125  Accuracy :  95.73  Class Accuracy :  0
Iter :  0 Batch :  189   Loss :  0.6159213  Accuracy :  99.53  Class Accuracy :  0
Iter :  0 Batch :  190   Loss :  0.63512355  Accuracy :  87.32  Class Accuracy :  0
Iter :  0 Batch :  191   Loss :  0.61559474  Accuracy :  99.42  Class Accuracy :  0
Iter :  0 Batch :  192   Loss :  0.6290501  Accuracy :  95.56  Class Accuracy :  0
Iter :  0 Batch :  193   Loss :  0.6678371  Accuracy :  83.5  Class Accuracy :  0
Iter :  0 Batch :  194   Loss :  0.6443429  Accuracy :  90.62  Class Accuracy :  0
Iter :  0 Batch :  195   Loss :  0.61541545  Accuracy :  99.71  Class Accuracy :  0
Iter :  0 Batch :  196   Loss :  0.6308241  Accuracy :  95.96000000000001  Class Accuracy :  0
Iter :  0 Batch :  197   Loss :  0.61483544  Accuracy :  99.94  Class Accuracy :  0
Iter :  0 Batch :  198   Loss :  0.6493554  Accuracy :  86.67  Class Accuracy :  0
Iter :  0 Batch :  199   Loss :  0.6536051  Accuracy :  88.96  Class Accuracy :  0
Model saved in path: /home/srgujar/Pointwise-segmentation/saved_model/local/pointer_2_0_200.ckpt
Iter :  0 Batch :  200   Loss :  0.6465841  Accuracy :  88.14  Class Accuracy :  0
Iter :  0 Batch :  201   Loss :  0.6492443  Accuracy :  90.49000000000001  Class Accuracy :  0
Iter :  0 Batch :  202   Loss :  0.62622046  Accuracy :  93.77  Class Accuracy :  0
Iter :  0 Batch :  203   Loss :  0.6241813  Accuracy :  95.56  Class Accuracy :  0
Iter :  0 Batch :  204   Loss :  0.632528  Accuracy :  88.78  Class Accuracy :  0
Iter :  0 Batch :  205   Loss :  0.63040096  Accuracy :  91.17  Class Accuracy :  0
Iter :  0 Batch :  206   Loss :  0.62288165  Accuracy :  97.28  Class Accuracy :  0
Iter :  0 Batch :  207   Loss :  0.64609283  Accuracy :  90.34  Class Accuracy :  0
Iter :  0 Batch :  208   Loss :  0.6319892  Accuracy :  93.72  Class Accuracy :  0
Iter :  0 Batch :  209   Loss :  0.64362586  Accuracy :  89.41  Class Accuracy :  0
Iter :  0 Batch :  210   Loss :  0.6298693  Accuracy :  92.11  Class Accuracy :  0
Iter :  0 Batch :  211   Loss :  0.61654377  Accuracy :  98.57000000000001  Class Accuracy :  0
Iter :  0 Batch :  212   Loss :  0.62900096  Accuracy :  94.51  Class Accuracy :  0
Iter :  0 Batch :  213   Loss :  0.6533455  Accuracy :  87.18  Class Accuracy :  0
Iter :  0 Batch :  214   Loss :  0.6758909  Accuracy :  81.0  Class Accuracy :  0
Iter :  0 Batch :  215   Loss :  0.6643299  Accuracy :  84.42  Class Accuracy :  0
Iter :  0 Batch :  216   Loss :  0.78918195  Accuracy :  46.07  Class Accuracy :  0
Iter :  0 Batch :  217   Loss :  0.6164255  Accuracy :  99.3  Class Accuracy :  0
Iter :  0 Batch :  218   Loss :  0.6152264  Accuracy :  99.48  Class Accuracy :  0
Iter :  0 Batch :  219   Loss :  0.6159539  Accuracy :  98.88  Class Accuracy :  0
Iter :  0 Batch :  220   Loss :  0.6159292  Accuracy :  98.68  Class Accuracy :  0
Iter :  0 Batch :  221   Loss :  0.6202402  Accuracy :  98.81  Class Accuracy :  0
Iter :  0 Batch :  222   Loss :  0.6715692  Accuracy :  83.93  Class Accuracy :  0
Iter :  0 Batch :  223   Loss :  0.6186838  Accuracy :  96.24000000000001  Class Accuracy :  0
Iter :  0 Batch :  224   Loss :  0.63082445  Accuracy :  95.16  Class Accuracy :  0
Iter :  0 Batch :  225   Loss :  0.6699698  Accuracy :  83.17  Class Accuracy :  0
Iter :  0 Batch :  226   Loss :  0.6268993  Accuracy :  96.13000000000001  Class Accuracy :  0
Iter :  0 Batch :  227   Loss :  0.64593303  Accuracy :  90.72  Class Accuracy :  0
Iter :  0 Batch :  228   Loss :  0.6215952  Accuracy :  96.71  Class Accuracy :  0
Iter :  0 Batch :  229   Loss :  0.6179555  Accuracy :  96.24000000000001  Class Accuracy :  0
Iter :  0 Batch :  230   Loss :  0.61897445  Accuracy :  98.03  Class Accuracy :  0
Iter :  0 Batch :  231   Loss :  0.62545466  Accuracy :  96.50999999999999  Class Accuracy :  0
Iter :  0 Batch :  232   Loss :  0.61538565  Accuracy :  99.42  Class Accuracy :  0
Iter :  0 Batch :  233   Loss :  0.62066996  Accuracy :  97.91  Class Accuracy :  0
Iter :  0 Batch :  234   Loss :  0.63704026  Accuracy :  89.83  Class Accuracy :  0
Iter :  0 Batch :  235   Loss :  0.6220403  Accuracy :  92.86999999999999  Class Accuracy :  0
Iter :  0 Batch :  236   Loss :  0.64038014  Accuracy :  92.67  Class Accuracy :  0
Iter :  0 Batch :  237   Loss :  0.6629317  Accuracy :  83.69  Class Accuracy :  0
Iter :  0 Batch :  238   Loss :  0.61826086  Accuracy :  96.16  Class Accuracy :  0
Iter :  0 Batch :  239   Loss :  0.6256544  Accuracy :  95.84  Class Accuracy :  0
Iter :  0 Batch :  240   Loss :  0.6179109  Accuracy :  98.81  Class Accuracy :  0
Iter :  0 Batch :  241   Loss :  0.6188078  Accuracy :  98.49  Class Accuracy :  0
Iter :  0 Batch :  242   Loss :  0.63018465  Accuracy :  94.59  Class Accuracy :  0
Iter :  0 Batch :  243   Loss :  0.62882453  Accuracy :  95.83  Class Accuracy :  0
Iter :  0 Batch :  244   Loss :  0.61991286  Accuracy :  97.14  Class Accuracy :  0
Iter :  0 Batch :  245   Loss :  0.6156599  Accuracy :  99.26  Class Accuracy :  0
Iter :  0 Batch :  246   Loss :  0.61587274  Accuracy :  98.75  Class Accuracy :  0
Iter :  0 Batch :  247   Loss :  0.6154675  Accuracy :  99.17  Class Accuracy :  0
Iter :  0 Batch :  248   Loss :  0.6395564  Accuracy :  89.42999999999999  Class Accuracy :  0
Iter :  0 Batch :  249   Loss :  0.62481403  Accuracy :  93.77  Class Accuracy :  0
Model saved in path: /home/srgujar/Pointwise-segmentation/saved_model/local/pointer_2_0_250.ckpt
Iter :  0 Batch :  250   Loss :  0.6161072  Accuracy :  98.38  Class Accuracy :  0
Iter :  0 Batch :  251   Loss :  0.61992973  Accuracy :  93.74  Class Accuracy :  0
Iter :  0 Batch :  252   Loss :  0.62538165  Accuracy :  96.67999999999999  Class Accuracy :  0
Iter :  0 Batch :  253   Loss :  0.62239903  Accuracy :  96.94  Class Accuracy :  0
Iter :  0 Batch :  254   Loss :  0.6198447  Accuracy :  95.81  Class Accuracy :  0
Iter :  0 Batch :  255   Loss :  0.61763847  Accuracy :  97.06  Class Accuracy :  0
Iter :  0 Batch :  256   Loss :  0.6285106  Accuracy :  95.89  Class Accuracy :  0
Iter :  0 Batch :  257   Loss :  0.620052  Accuracy :  98.34  Class Accuracy :  0
Iter :  0 Batch :  258   Loss :  0.6294126  Accuracy :  92.62  Class Accuracy :  0
Iter :  0 Batch :  259   Loss :  0.6178747  Accuracy :  98.87  Class Accuracy :  0
Iter :  0 Batch :  260   Loss :  0.66661733  Accuracy :  84.1  Class Accuracy :  0
Iter :  0 Batch :  261   Loss :  0.64995  Accuracy :  88.48  Class Accuracy :  0
Iter :  0 Batch :  262   Loss :  0.70456785  Accuracy :  72.59  Class Accuracy :  0
Iter :  0 Batch :  263   Loss :  0.61876994  Accuracy :  98.42999999999999  Class Accuracy :  0
Iter :  0 Batch :  264   Loss :  0.62748843  Accuracy :  92.10000000000001  Class Accuracy :  0
Iter :  0 Batch :  265   Loss :  0.6164004  Accuracy :  99.44  Class Accuracy :  0
Iter :  0 Batch :  266   Loss :  0.617255  Accuracy :  99.27  Class Accuracy :  0
Iter :  0 Batch :  267   Loss :  0.63191044  Accuracy :  94.71000000000001  Class Accuracy :  0
Iter :  0 Batch :  268   Loss :  0.61577296  Accuracy :  99.24  Class Accuracy :  0
Iter :  0 Batch :  269   Loss :  0.63473034  Accuracy :  86.00999999999999  Class Accuracy :  0
Iter :  0 Batch :  270   Loss :  0.617359  Accuracy :  98.77  Class Accuracy :  0
Iter :  0 Batch :  271   Loss :  0.6500992  Accuracy :  88.97  Class Accuracy :  0
Iter :  0 Batch :  272   Loss :  0.6211501  Accuracy :  98.08  Class Accuracy :  0
Iter :  0 Batch :  273   Loss :  0.62561184  Accuracy :  97.08  Class Accuracy :  0
Iter :  0 Batch :  274   Loss :  0.6147228  Accuracy :  99.83999999999999  Class Accuracy :  0
Iter :  0 Batch :  275   Loss :  0.6162396  Accuracy :  99.38  Class Accuracy :  0
Iter :  0 Batch :  276   Loss :  0.6202871  Accuracy :  97.32  Class Accuracy :  0
Iter :  0 Batch :  277   Loss :  0.6799924  Accuracy :  80.0  Class Accuracy :  0
Iter :  0 Batch :  278   Loss :  0.6412127  Accuracy :  91.72  Class Accuracy :  0
Iter :  0 Batch :  279   Loss :  0.62019646  Accuracy :  97.57000000000001  Class Accuracy :  0
Iter :  0 Batch :  280   Loss :  0.6164947  Accuracy :  98.38  Class Accuracy :  0
Iter :  0 Batch :  281   Loss :  0.62519056  Accuracy :  96.41999999999999  Class Accuracy :  0
Iter :  0 Batch :  282   Loss :  0.6192918  Accuracy :  98.53  Class Accuracy :  0
Iter :  0 Batch :  283   Loss :  0.6205242  Accuracy :  97.86  Class Accuracy : 
